OnAppStart ********** 2021/06/28 [11:51:56:882] Linux 5.4.0-59-generic x86_64 64 bit 5.51 **********
StartupTryDatabaseCommon Document parsed in 74
StartupTryDatabaseCommon Database parsed in 35
enumerate Could not open the device: /dev/usb/hiddev0 Permission denied
UpdatePresentList net :: EPSON :: XP-302 303 305 306 Series :: A4:EE:57:AB:16:BD :: 192.168.100.7 ::  :: 
enumerate Could not open the device: /dev/usb/hiddev0 Permission denied
UpdatePresentList net :: EPSON :: XP-302 303 305 306 Series :: A4:EE:57:AB:16:BD :: 192.168.100.7 ::  :: 
UpdateSupportList Support list created in 48
perform SNMP [SEND]: 1.3.6.1.4.1.1248.1.2.2.44.1.1.2.1.115.116.1.0.1
read Could not read packet via socket.
perform Could not read SNMP message from the device.
read Could not read packet via socket.
perform Could not read SNMP message from the device.
read Could not read packet via socket.
perform Could not read SNMP message from the device.
read Could not read packet via socket.
perform Could not read SNMP message from the device.
read Could not read packet via socket.
perform Could not read SNMP message from the device.
perform SNMP [READ]: 40 42 44 43 20 53 54 32 0D 0A 3D 00 01 01 00 02 01 10 06 02 01 FF 0E 01 0F 0F 0D 03 01 00 69 05 03 69 04 02 69 03 01 69 10 03 01 09 4E 13 01 01 19 0C 00 00 00 00 00 75 6E 6B 6E 6F 77 6E 24 02 00 00 37 05 02 02 00 00 00
getStatus STATUS: Error Waste ink pad counter overflow error
RESET_GUID RESET GUID: XP-302 303 305 306 Series 891 KEY
EpsonRemoteResetData Reset waste counters for the XP-302 303 305 306 Series
EpsonRemoteResetData Code trial will be used for waste reset.
perform SNMP [SEND]: 1.3.6.1.4.1.1248.1.2.2.44.1.1.2.1.118.105.1.0.0
perform SNMP [READ]: 76 69 3A 30 30 3A 55 4A 30 31 47 34 3B 0C
getLegend LEGEND: UJ01G4 01/04/2016
perform SNMP [SEND]: 1.3.6.1.4.1.1248.1.2.2.44.1.1.2.1.115.116.1.0.1
perform SNMP [READ]: 40 42 44 43 20 53 54 32 0D 0A 3D 00 01 01 00 02 01 10 06 02 01 FF 0E 01 0F 0F 0D 03 01 00 69 05 03 69 04 02 69 03 01 69 10 03 01 09 4E 13 01 01 19 0C 00 00 00 00 00 75 6E 6B 6E 6F 77 6E 24 02 00 00 37 05 02 02 00 00 00
getStatus STATUS: Error Waste ink pad counter overflow error
EpsonRemoteResetData Reset started. Do not turn off the printer.
RESET_GUID RESET GUID: XP-302 303 305 306 Series 891 KEY

Traian: snmpget -Oa -v1 -c public 192.168.100.7

RESET_DATA RESET DATA: 0 - 7C 7C 10 00 19 07 42 BD 21 1D 00 00 58 62 6C 62 75 70 63 6A REAL
perform SNMP [SEND]: 1.3.6.1.4.1.1248.1.2.2.44.1.1.2.1.124.124.16.0.25.7.66.189.33.29.0.0.88.98.108.98.117.112.99.106

perform SNMP [READ]: 7C 7C 3A 34 32 3A 4F 4B 3B 0C
RESET_DATA RESET DATA: 1 - 7C 7C 10 00 19 07 42 BD 21 1C 00 00 58 62 6C 62 75 70 63 6A REAL
perform SNMP [SEND]: 1.3.6.1.4.1.1248.1.2.2.44.1.1.2.1.124.124.16.0.25.7.66.189.33.28.0.0.88.98.108.98.117.112.99.106

perform SNMP [READ]: 7C 7C 3A 34 32 3A 4F 4B 3B 0C
RESET_DATA RESET DATA: 2 - 7C 7C 10 00 19 07 42 BD 21 1E 00 00 58 62 6C 62 75 70 63 6A REAL
perform SNMP [SEND]: 1.3.6.1.4.1.1248.1.2.2.44.1.1.2.1.124.124.16.0.25.7.66.189.33.30.0.0.88.98.108.98.117.112.99.106

perform SNMP [READ]: 7C 7C 3A 34 32 3A 4F 4B 3B 0C
RESET_DATA RESET DATA: 3 - 7C 7C 10 00 19 07 42 BD 21 22 00 00 58 62 6C 62 75 70 63 6A REAL
perform SNMP [SEND]: 1.3.6.1.4.1.1248.1.2.2.44.1.1.2.1.124.124.16.0.25.7.66.189.33.34.0.0.88.98.108.98.117.112.99.106

perform SNMP [READ]: 7C 7C 3A 34 32 3A 4F 4B 3B 0C
RESET_DATA RESET DATA: 4 - 7C 7C 10 00 19 07 42 BD 21 2E 00 5E 58 62 6C 62 75 70 63 6A REAL
perform SNMP [SEND]: 1.3.6.1.4.1.1248.1.2.2.44.1.1.2.1.124.124.16.0.25.7.66.189.33.46.0.94.88.98.108.98.117.112.99.106

perform SNMP [READ]: 7C 7C 3A 34 32 3A 4F 4B 3B 0C
RESET_DATA RESET DATA: 5 - 7C 7C 10 00 19 07 42 BD 21 2F 00 5E 58 62 6C 62 75 70 63 6A REAL
perform SNMP [SEND]: 1.3.6.1.4.1.1248.1.2.2.44.1.1.2.1.124.124.16.0.25.7.66.189.33.47.0.94.88.98.108.98.117.112.99.106

perform SNMP [READ]: 7C 7C 3A 34 32 3A 4F 4B 3B 0C
RESET_DATA RESET DATA: 6 - 7C 7C 10 00 19 07 42 BD 21 31 00 00 58 62 6C 62 75 70 63 6A REAL
perform SNMP [SEND]: 1.3.6.1.4.1.1248.1.2.2.44.1.1.2.1.124.124.16.0.25.7.66.189.33.49.0.0.88.98.108.98.117.112.99.106

perform SNMP [READ]: 7C 7C 3A 34 32 3A 4F 4B 3B 0C
RESET_DATA RESET DATA: 7 - 7C 7C 10 00 19 07 42 BD 21 18 00 F8 58 62 6C 62 75 70 63 6A REAL
perform SNMP [SEND]: 1.3.6.1.4.1.1248.1.2.2.44.1.1.2.1.124.124.16.0.25.7.66.189.33.24.0.248.88.98.108.98.117.112.99.106

perform SNMP [READ]: 7C 7C 3A 34 32 3A 4F 4B 3B 0C
RESET_DATA RESET DATA: 8 - 7C 7C 10 00 19 07 42 BD 21 19 00 16 58 62 6C 62 75 70 63 6A REAL
perform SNMP [SEND]: 1.3.6.1.4.1.1248.1.2.2.44.1.1.2.1.124.124.16.0.25.7.66.189.33.25.0.22.88.98.108.98.117.112.99.106

perform SNMP [READ]: 7C 7C 3A 34 32 3A 4F 4B 3B 0C
RESET_DATA RESET DATA: 9 - 7C 7C 10 00 19 07 42 BD 21 1A 00 BA 58 62 6C 62 75 70 63 6A REAL
perform SNMP [SEND]: 1.3.6.1.4.1.1248.1.2.2.44.1.1.2.1.124.124.16.0.25.7.66.189.33.26.0.186.88.98.108.98.117.112.99.106

perform SNMP [READ]: 7C 7C 3A 34 32 3A 4F 4B 3B 0C
RESET_DATA RESET DATA: 10 - 7C 7C 10 00 19 07 42 BD 21 1B 00 0A 58 62 6C 62 75 70 63 6A REAL
perform SNMP [SEND]: 1.3.6.1.4.1.1248.1.2.2.44.1.1.2.1.124.124.16.0.25.7.66.189.33.27.0.10.88.98.108.98.117.112.99.106
perform SNMP [READ]: 7C 7C 3A 34 32 3A 4F 4B 3B 0C
RESET_DATA RESET DATA: 11 - FF REAL
EpsonRemoteResetData Reset completed. Please restart the printer immediately.
enumerate Could not open the device: /dev/usb/hiddev0 Permission denied
enumerate Could not open the device: /dev/usb/hiddev0 Permission denied
enumerate Could not open the device: /dev/usb/hiddev0 Permission denied
enumerate Could not open the device: /dev/usb/hiddev0 Permission denied
enumerate Could not open the device: /dev/usb/hiddev0 Permission denied
enumerate Could not open the device: /dev/usb/hiddev0 Permission denied
enumerate Could not open the device: /dev/usb/hiddev0 Permission denied
enumerate Could not open the device: /dev/usb/hiddev0 Permission denied
enumerate Could not open the device: /dev/usb/hiddev0 Permission denied
enumerate Could not open the device: /dev/usb/hiddev0 Permission denied
enumerate Could not open the device: /dev/usb/hiddev0 Permission denied
enumerate Could not open the device: /dev/usb/hiddev0 Permission denied
enumerate Could not open the device: /dev/usb/hiddev0 Permission denied
enumerate Could not open the device: /dev/usb/hiddev0 Permission denied
enumerate Could not open the device: /dev/usb/hiddev0 Permission denied
enumerate Could not open the device: /dev/usb/hiddev0 Permission denied
OnAppStart ********** 2021/10/07 [20:35:32:432] Linux 5.4.0-59-generic x86_64 64 bit 5.51 **********
StartupTryDatabaseCommon Document parsed in 75
StartupTryDatabaseCommon Database parsed in 40
enumerate Could not open the device: /dev/usb/hiddev0 Permission denied
UpdateSupportList Support list created in 35
enumerate Could not open the device: /dev/usb/hiddev0 Permission denied
enumerate Could not open the device: /dev/usb/hiddev0 Permission denied
UpdatePresentList net :: EPSON :: XP-302 303 305 306 Series :: A4:EE:57:AB:16:BD :: 192.168.100.7 ::  :: 
perform SNMP [SEND]: 1.3.6.1.4.1.1248.1.2.2.44.1.1.2.1.124.124.7.0.25.7.65.190.160.24.0
perform SNMP [READ]: 40 42 44 43 20 50 53 0D 0A 45 45 3A 30 30 31 38 30 41 3B 0C
memoryQuery MEMORY READ: 18 0A
perform SNMP [SEND]: 1.3.6.1.4.1.1248.1.2.2.44.1.1.2.1.124.124.7.0.25.7.65.190.160.25.0
perform SNMP [READ]: 40 42 44 43 20 50 53 0D 0A 45 45 3A 30 30 31 39 31 44 3B 0C
memoryQuery MEMORY READ: 19 1D
perform SNMP [SEND]: 1.3.6.1.4.1.1248.1.2.2.44.1.1.2.1.124.124.7.0.25.7.65.190.160.30.0
perform SNMP [READ]: 40 42 44 43 20 50 53 0D 0A 45 45 3A 30 30 31 45 30 30 3B 0C
memoryQuery MEMORY READ: 1E 00
perform SNMP [SEND]: 1.3.6.1.4.1.1248.1.2.2.44.1.1.2.1.124.124.7.0.25.7.65.190.160.26.0
perform SNMP [READ]: 40 42 44 43 20 50 53 0D 0A 45 45 3A 30 30 31 41 42 41 3B 0C
memoryQuery MEMORY READ: 1A BA
perform SNMP [SEND]: 1.3.6.1.4.1.1248.1.2.2.44.1.1.2.1.124.124.7.0.25.7.65.190.160.27.0
perform SNMP [READ]: 40 42 44 43 20 50 53 0D 0A 45 45 3A 30 30 31 42 30 41 3B 0C
memoryQuery MEMORY READ: 1B 0A
perform SNMP [SEND]: 1.3.6.1.4.1.1248.1.2.2.44.1.1.2.1.124.124.7.0.25.7.65.190.160.34.0
perform SNMP [READ]: 40 42 44 43 20 50 53 0D 0A 45 45 3A 30 30 32 32 30 30 3B 0C
memoryQuery MEMORY READ: 22 00
inkWasteQuery Counter 101.14% This counter has reached its limit and needs to be reset.
inkWasteQuery Counter 79.99% This counter is ok.
perform SNMP [SEND]: 1.3.6.1.4.1.1248.1.2.2.44.1.1.2.1.115.116.1.0.1
perform SNMP [READ]: 40 42 44 43 20 53 54 32 0D 0A 3D 00 01 01 00 02 01 10 06 02 01 FF 0E 01 0F 0F 0D 03 01 00 69 05 03 69 04 02 69 03 01 69 10 03 01 09 4E 13 01 01 19 0C 00 00 00 00 00 75 6E 6B 6E 6F 77 6E 24 02 00 00 37 05 02 02 00 00 00
getStatus STATUS: Error Waste ink pad counter overflow error
perform SNMP [SEND]: 1.3.6.1.4.1.1248.1.2.2.44.1.1.2.1.124.124.7.0.25.7.65.190.160.192.0
perform SNMP [READ]: 40 42 44 43 20 50 53 0D 0A 45 45 3A 30 30 43 30 35 31 3B 0C
memoryQuery MEMORY READ: C0 51
perform SNMP [SEND]: 1.3.6.1.4.1.1248.1.2.2.44.1.1.2.1.124.124.7.0.25.7.65.190.160.193.0
perform SNMP [READ]: 40 42 44 43 20 50 53 0D 0A 45 45 3A 30 30 43 31 34 36 3B 0C
memoryQuery MEMORY READ: C1 46
perform SNMP [SEND]: 1.3.6.1.4.1.1248.1.2.2.44.1.1.2.1.124.124.7.0.25.7.65.190.160.194.0
perform SNMP [READ]: 40 42 44 43 20 50 53 0D 0A 45 45 3A 30 30 43 32 35 32 3B 0C
memoryQuery MEMORY READ: C2 52
perform SNMP [SEND]: 1.3.6.1.4.1.1248.1.2.2.44.1.1.2.1.124.124.7.0.25.7.65.190.160.195.0
perform SNMP [READ]: 40 42 44 43 20 50 53 0D 0A 45 45 3A 30 30 43 33 35 30 3B 0C
memoryQuery MEMORY READ: C3 50
perform SNMP [SEND]: 1.3.6.1.4.1.1248.1.2.2.44.1.1.2.1.124.124.7.0.25.7.65.190.160.196.0
perform SNMP [READ]: 40 42 44 43 20 50 53 0D 0A 45 45 3A 30 30 43 34 33 30 3B 0C
memoryQuery MEMORY READ: C4 30
perform SNMP [SEND]: 1.3.6.1.4.1.1248.1.2.2.44.1.1.2.1.124.124.7.0.25.7.65.190.160.197.0
perform SNMP [READ]: 40 42 44 43 20 50 53 0D 0A 45 45 3A 30 30 43 35 33 30 3B 0C
memoryQuery MEMORY READ: C5 30
perform SNMP [SEND]: 1.3.6.1.4.1.1248.1.2.2.44.1.1.2.1.124.124.7.0.25.7.65.190.160.198.0
perform SNMP [READ]: 40 42 44 43 20 50 53 0D 0A 45 45 3A 30 30 43 36 33 34 3B 0C
memoryQuery MEMORY READ: C6 34
perform SNMP [SEND]: 1.3.6.1.4.1.1248.1.2.2.44.1.1.2.1.124.124.7.0.25.7.65.190.160.199.0
perform SNMP [READ]: 40 42 44 43 20 50 53 0D 0A 45 45 3A 30 30 43 37 33 31 3B 0C
memoryQuery MEMORY READ: C7 31
perform SNMP [SEND]: 1.3.6.1.4.1.1248.1.2.2.44.1.1.2.1.124.124.7.0.25.7.65.190.160.200.0
perform SNMP [READ]: 40 42 44 43 20 50 53 0D 0A 45 45 3A 30 30 43 38 33 31 3B 0C
memoryQuery MEMORY READ: C8 31
perform SNMP [SEND]: 1.3.6.1.4.1.1248.1.2.2.44.1.1.2.1.124.124.7.0.25.7.65.190.160.201.0
perform SNMP [READ]: 40 42 44 43 20 50 53 0D 0A 45 45 3A 30 30 43 39 33 33 3B 0C
memoryQuery MEMORY READ: C9 33
